<?xml version="1.0" encoding="UTF-8"?>
<testsuite xmlns:xsi="http://www.w3.org/2001/XMLSchema-instance" xsi:noNamespaceSchemaLocation="https://maven.apache.org/surefire/maven-surefire-plugin/xsd/surefire-test-report.xsd" name="nhom4.group4.service.RoomTester" time="1.202" tests="9" errors="0" skipped="0" failures="0">
  <properties>
[...]
</properties>
  <testcase name="testException" classname="nhom4.group4.service.RoomTester" time="0.02"/>
  <testcase name="testAddRoomWithInvalidCateId" classname="nhom4.group4.service.RoomTester" time="0.575"/>
  <testcase name="testAddRoom" classname="nhom4.group4.service.RoomTester" time="0"/>
  <testcase name="testWithKeyword" classname="nhom4.group4.service.RoomTester" time="0"/>
  <testcase name="testAddRoomWithInvalidName" classname="nhom4.group4.service.RoomTester" time="0.018"/>
  <testcase name="testDataSource{String, int, int, boolean}[1]" classname="nhom4.group4.service.RoomTester" time="0.031"/>
  <testcase name="testDataSource{String, int, int, boolean}[2]" classname="nhom4.group4.service.RoomTester" time="0.038"/>
  <testcase name="testDataSource{String, int, int, boolean}[3]" classname="nhom4.group4.service.RoomTester" time="0"/>
  <testcase name="testWithUnknowKeyword" classname="nhom4.group4.service.RoomTester" time="0"/>
</testsuite>